<?xml version="1.0" encoding="UTF-8"?>
<!-- Generated by org.testng.reporters.JUnitReportReporter -->
<testsuite hostname="LAPTOP-TBBC98B0" failures="0" tests="1" name="RestAssuredTestNG.WeatherAPI" time="5.890" errors="0" timestamp="2020-03-18T21:32:47 IST" skipped="0">
  <testcase classname="RestAssuredTestNG.WeatherAPI" name="checkChennaiWeather" time="5.890"/>
  <system-out/>
</testsuite> <!-- RestAssuredTestNG.WeatherAPI -->
